<component name="libraryTable">
  <library name="junit-4.12">
    <CLASSES>
      <root url="jar://F:/学习资料/javaee/day10/day10JDBC基础/资料/junit-4.12.jar!/" />
    </CLASSES>
    <JAVADOC />
    <SOURCES />
  </library>
</component>